2019-10-23 19:54:18.622+0000 [id=1]	INFO	org.eclipse.jetty.util.log.Log#initialized: Logging initialized @1758ms to org.eclipse.jetty.util.log.JavaUtilLog
2019-10-23 19:54:18.679+0000 [id=1]	INFO	winstone.Logger#logInternal: Beginning extraction from war file
2019-10-23 19:54:21.034+0000 [id=1]	WARNING	o.e.j.s.handler.ContextHandler#setContextPath: Empty contextPath
2019-10-23 19:54:21.081+0000 [id=1]	INFO	org.eclipse.jetty.server.Server#doStart: jetty-9.4.z-SNAPSHOT; built: 2019-05-02T00:04:53.875Z; git: e1bc35120a6617ee3df052294e433f3a25ce7097; jvm 1.8.0_144-b01
2019-10-23 19:54:23.776+0000 [id=1]	INFO	o.e.j.w.StandardDescriptorProcessor#visitServlet: NO JSP Support for /, did not find org.eclipse.jetty.jsp.JettyJspServlet
2019-10-23 19:54:23.818+0000 [id=1]	INFO	o.e.j.s.s.DefaultSessionIdManager#doStart: DefaultSessionIdManager workerName=node0
2019-10-23 19:54:23.818+0000 [id=1]	INFO	o.e.j.s.s.DefaultSessionIdManager#doStart: No SessionScavenger set, using defaults
2019-10-23 19:54:23.819+0000 [id=1]	INFO	o.e.j.server.session.HouseKeeper#startScavenging: node0 Scavenging every 660000ms
2019-10-23 19:54:24.322+0000 [id=1]	INFO	o.e.j.s.handler.ContextHandler#doStart: Started w.@18613b3{Jenkins v2.190.1,/,file:///C:/Program%20Files%20(x86)/Jenkins/war/,AVAILABLE}{C:\Program Files (x86)\Jenkins\war}
2019-10-23 19:54:24.335+0000 [id=1]	INFO	o.e.j.server.AbstractConnector#doStart: Started ServerConnector@1c4eee0{HTTP/1.1,[http/1.1]}{0.0.0.0:8080}
2019-10-23 19:54:24.336+0000 [id=1]	INFO	org.eclipse.jetty.server.Server#doStart: Started @7472ms
2019-10-23 19:54:24.336+0000 [id=19]	INFO	winstone.Logger#logInternal: Winstone Servlet Engine v4.0 running: controlPort=disabled
2019-10-23 19:54:25.359+0000 [id=27]	INFO	jenkins.InitReactorRunner$1#onAttained: Started initialization
2019-10-23 19:54:25.378+0000 [id=26]	INFO	jenkins.InitReactorRunner$1#onAttained: Listed all plugins
2019-10-23 19:54:26.378+0000 [id=26]	INFO	jenkins.InitReactorRunner$1#onAttained: Prepared all plugins
2019-10-23 19:54:26.383+0000 [id=27]	INFO	jenkins.InitReactorRunner$1#onAttained: Started all plugins
2019-10-23 19:54:26.388+0000 [id=28]	INFO	jenkins.InitReactorRunner$1#onAttained: Augmented all extensions
2019-10-23 19:54:27.957+0000 [id=26]	INFO	jenkins.InitReactorRunner$1#onAttained: Loaded all jobs
2019-10-23 19:54:27.963+0000 [id=53]	INFO	hudson.model.AsyncPeriodicWork$1#run: Started Download metadata
2019-10-23 19:54:27.977+0000 [id=53]	INFO	hudson.util.Retrier#start: Attempt #1 to do the action check updates server
2019-10-23 19:54:28.513+0000 [id=39]	INFO	o.s.c.s.AbstractApplicationContext#prepareRefresh: Refreshing org.springframework.web.context.support.StaticWebApplicationContext@f9269c: display name [Root WebApplicationContext]; startup date [Wed Oct 23 21:54:28 CEST 2019]; root of context hierarchy
2019-10-23 19:54:28.513+0000 [id=39]	INFO	o.s.c.s.AbstractApplicationContext#obtainFreshBeanFactory: Bean factory for application context [org.springframework.web.context.support.StaticWebApplicationContext@f9269c]: org.springframework.beans.factory.support.DefaultListableBeanFactory@19abe88
2019-10-23 19:54:28.522+0000 [id=39]	INFO	o.s.b.f.s.DefaultListableBeanFactory#preInstantiateSingletons: Pre-instantiating singletons in org.springframework.beans.factory.support.DefaultListableBeanFactory@19abe88: defining beans [authenticationManager]; root of factory hierarchy
2019-10-23 19:54:28.645+0000 [id=39]	INFO	o.s.c.s.AbstractApplicationContext#prepareRefresh: Refreshing org.springframework.web.context.support.StaticWebApplicationContext@771147: display name [Root WebApplicationContext]; startup date [Wed Oct 23 21:54:28 CEST 2019]; root of context hierarchy
2019-10-23 19:54:28.645+0000 [id=39]	INFO	o.s.c.s.AbstractApplicationContext#obtainFreshBeanFactory: Bean factory for application context [org.springframework.web.context.support.StaticWebApplicationContext@771147]: org.springframework.beans.factory.support.DefaultListableBeanFactory@c7ab24
2019-10-23 19:54:28.645+0000 [id=39]	INFO	o.s.b.f.s.DefaultListableBeanFactory#preInstantiateSingletons: Pre-instantiating singletons in org.springframework.beans.factory.support.DefaultListableBeanFactory@c7ab24: defining beans [filter,legacy]; root of factory hierarchy
2019-10-23 19:54:28.793+0000 [id=39]	INFO	jenkins.install.SetupWizard#init: 

*************************************************************
*************************************************************
*************************************************************

Jenkins initial setup is required. An admin user has been created and a password generated.
Please use the following password to proceed to installation:

54f74d366a9944bca63a164b158e404d

This may also be found at: C:\Program Files (x86)\Jenkins\secrets\initialAdminPassword

*************************************************************
*************************************************************
*************************************************************

2019-10-23 19:54:30.197+0000 [id=14]	INFO	o.k.s.LocaleDrivenResourceProvider#getLocaleDrivenResourceProviders: Registered LocaleDrivenResourceProvider: jenkins.MetaLocaleDrivenResourceProvider@c5599b
2019-10-23 19:54:36.719+0000 [id=53]	INFO	hudson.model.UpdateSite#updateData: Obtained the latest update center data file for UpdateSource default
2019-10-23 19:54:37.113+0000 [id=39]	INFO	hudson.model.UpdateSite#updateData: Obtained the latest update center data file for UpdateSource default
2019-10-23 19:54:37.274+0000 [id=31]	INFO	jenkins.InitReactorRunner$1#onAttained: Completed initialization
2019-10-23 19:54:37.290+0000 [id=18]	INFO	hudson.WebAppMain$3#run: Jenkins is fully up and running
2019-10-23 19:54:37.425+0000 [id=53]	INFO	h.m.DownloadService$Downloadable#load: Obtained the updated data file for hudson.tasks.Maven.MavenInstaller
2019-10-23 19:54:37.426+0000 [id=53]	INFO	hudson.util.Retrier#start: Performed the action check updates server successfully at the attempt #1
2019-10-23 19:54:37.428+0000 [id=53]	INFO	hudson.model.AsyncPeriodicWork$1#run: Finished Download metadata. 9.463 ms
2019-10-23 19:55:16.417+0000 [id=60]	INFO	hudson.PluginManager#install: Starting installation of a batch of 20 plugins plus their dependencies
2019-10-23 19:55:16.418+0000 [id=60]	INFO	hudson.model.UpdateSite$Plugin#deploy: Adding dependent install of trilead-api for plugin cloudbees-folder
2019-10-23 19:55:16.418+0000 [id=60]	INFO	hudson.model.UpdateSite$Plugin#deploy: Adding dependent install of command-launcher for plugin antisamy-markup-formatter
2019-10-23 19:55:16.418+0000 [id=98]	INFO	h.model.UpdateCenter$DownloadJob#run: Starting the installation of trilead-api on behalf of admin
2019-10-23 19:55:16.418+0000 [id=60]	INFO	hudson.model.UpdateSite$Plugin#deploy: Adding dependent install of script-security for plugin command-launcher
2019-10-23 19:55:16.419+0000 [id=60]	INFO	hudson.model.UpdateSite$Plugin#deploy: Adding dependent install of jdk-tool for plugin script-security
2019-10-23 19:55:16.419+0000 [id=60]	INFO	hudson.model.UpdateSite$Plugin#deploy: Adding dependent install of token-macro for plugin build-timeout
2019-10-23 19:55:16.419+0000 [id=60]	INFO	hudson.model.UpdateSite$Plugin#deploy: Adding dependent install of structs for plugin token-macro
2019-10-23 19:55:16.419+0000 [id=60]	INFO	hudson.model.UpdateSite$Plugin#deploy: Adding dependent install of workflow-step-api for plugin token-macro
2019-10-23 19:55:16.419+0000 [id=60]	INFO	hudson.model.UpdateSite$Plugin#deploy: Adding dependent install of bouncycastle-api for plugin build-timeout
2019-10-23 19:55:16.420+0000 [id=60]	INFO	hudson.model.UpdateSite$Plugin#deploy: Adding dependent install of plain-credentials for plugin credentials-binding
2019-10-23 19:55:16.420+0000 [id=60]	INFO	hudson.model.UpdateSite$Plugin#deploy: Adding dependent install of credentials for plugin plain-credentials
2019-10-23 19:55:16.420+0000 [id=60]	INFO	hudson.model.UpdateSite$Plugin#deploy: Adding dependent install of ssh-credentials for plugin credentials-binding
2019-10-23 19:55:16.420+0000 [id=60]	INFO	hudson.model.UpdateSite$Plugin#deploy: Adding dependent install of workflow-api for plugin timestamper
2019-10-23 19:55:16.420+0000 [id=60]	INFO	hudson.model.UpdateSite$Plugin#deploy: Adding dependent install of scm-api for plugin workflow-api
2019-10-23 19:55:16.420+0000 [id=60]	INFO	hudson.model.UpdateSite$Plugin#deploy: Adding dependent install of workflow-durable-task-step for plugin ws-cleanup
2019-10-23 19:55:16.420+0000 [id=60]	INFO	hudson.model.UpdateSite$Plugin#deploy: Adding dependent install of workflow-support for plugin workflow-durable-task-step
2019-10-23 19:55:16.421+0000 [id=60]	INFO	hudson.model.UpdateSite$Plugin#deploy: Adding dependent install of durable-task for plugin workflow-durable-task-step
2019-10-23 19:55:16.421+0000 [id=60]	INFO	hudson.model.UpdateSite$Plugin#deploy: Adding dependent install of matrix-project for plugin ws-cleanup
2019-10-23 19:55:16.421+0000 [id=60]	INFO	hudson.model.UpdateSite$Plugin#deploy: Adding dependent install of junit for plugin matrix-project
2019-10-23 19:55:16.421+0000 [id=60]	INFO	hudson.model.UpdateSite$Plugin#deploy: Adding dependent install of resource-disposer for plugin ws-cleanup
2019-10-23 19:55:16.421+0000 [id=60]	INFO	hudson.model.UpdateSite$Plugin#deploy: Adding dependent install of workflow-cps for plugin gradle
2019-10-23 19:55:16.421+0000 [id=60]	INFO	hudson.model.UpdateSite$Plugin#deploy: Adding dependent install of ace-editor for plugin workflow-cps
2019-10-23 19:55:16.421+0000 [id=60]	INFO	hudson.model.UpdateSite$Plugin#deploy: Adding dependent install of jquery-detached for plugin workflow-cps
2019-10-23 19:55:16.422+0000 [id=60]	INFO	hudson.model.UpdateSite$Plugin#deploy: Adding dependent install of workflow-scm-step for plugin workflow-cps
2019-10-23 19:55:16.422+0000 [id=60]	INFO	hudson.model.UpdateSite$Plugin#deploy: Adding dependent install of workflow-job for plugin gradle
2019-10-23 19:55:16.422+0000 [id=60]	INFO	hudson.model.UpdateSite$Plugin#deploy: Adding dependent install of workflow-basic-steps for plugin gradle
2019-10-23 19:55:16.422+0000 [id=60]	INFO	hudson.model.UpdateSite$Plugin#deploy: Adding dependent install of apache-httpcomponents-client-4-api for plugin workflow-basic-steps
2019-10-23 19:55:16.422+0000 [id=60]	INFO	hudson.model.UpdateSite$Plugin#deploy: Adding dependent install of mailer for plugin workflow-basic-steps
2019-10-23 19:55:16.422+0000 [id=60]	INFO	hudson.model.UpdateSite$Plugin#deploy: Adding dependent install of display-url-api for plugin mailer
2019-10-23 19:55:16.422+0000 [id=60]	INFO	hudson.model.UpdateSite$Plugin#deploy: Adding dependent install of pipeline-milestone-step for plugin workflow-aggregator
2019-10-23 19:55:16.423+0000 [id=60]	INFO	hudson.model.UpdateSite$Plugin#deploy: Adding dependent install of pipeline-stage-view for plugin workflow-aggregator
2019-10-23 19:55:16.423+0000 [id=60]	INFO	hudson.model.UpdateSite$Plugin#deploy: Adding dependent install of pipeline-rest-api for plugin pipeline-stage-view
2019-10-23 19:55:16.423+0000 [id=60]	INFO	hudson.model.UpdateSite$Plugin#deploy: Adding dependent install of jackson2-api for plugin pipeline-rest-api
2019-10-23 19:55:16.423+0000 [id=60]	INFO	hudson.model.UpdateSite$Plugin#deploy: Adding dependent install of pipeline-graph-analysis for plugin pipeline-rest-api
2019-10-23 19:55:16.423+0000 [id=60]	INFO	hudson.model.UpdateSite$Plugin#deploy: Adding dependent install of pipeline-input-step for plugin pipeline-graph-analysis
2019-10-23 19:55:16.423+0000 [id=60]	INFO	hudson.model.UpdateSite$Plugin#deploy: Adding dependent install of pipeline-stage-step for plugin pipeline-graph-analysis
2019-10-23 19:55:16.423+0000 [id=60]	INFO	hudson.model.UpdateSite$Plugin#deploy: Adding dependent install of handlebars for plugin pipeline-stage-view
2019-10-23 19:55:16.424+0000 [id=60]	INFO	hudson.model.UpdateSite$Plugin#deploy: Adding dependent install of momentjs for plugin pipeline-stage-view
2019-10-23 19:55:16.424+0000 [id=60]	INFO	hudson.model.UpdateSite$Plugin#deploy: Adding dependent install of pipeline-build-step for plugin workflow-aggregator
2019-10-23 19:55:16.424+0000 [id=60]	INFO	hudson.model.UpdateSite$Plugin#deploy: Adding dependent install of pipeline-model-definition for plugin workflow-aggregator
2019-10-23 19:55:16.424+0000 [id=60]	INFO	hudson.model.UpdateSite$Plugin#deploy: Adding dependent install of pipeline-model-extensions for plugin pipeline-model-definition
2019-10-23 19:55:16.424+0000 [id=60]	INFO	hudson.model.UpdateSite$Plugin#deploy: Adding dependent install of pipeline-model-api for plugin pipeline-model-extensions
2019-10-23 19:55:16.424+0000 [id=60]	INFO	hudson.model.UpdateSite$Plugin#deploy: Adding dependent install of workflow-cps-global-lib for plugin pipeline-model-definition
2019-10-23 19:55:16.424+0000 [id=60]	INFO	hudson.model.UpdateSite$Plugin#deploy: Adding dependent install of git-server for plugin workflow-cps-global-lib
2019-10-23 19:55:16.424+0000 [id=60]	INFO	hudson.model.UpdateSite$Plugin#deploy: Adding dependent install of git-client for plugin git-server
2019-10-23 19:55:16.425+0000 [id=60]	INFO	hudson.model.UpdateSite$Plugin#deploy: Adding dependent install of jsch for plugin git-client
2019-10-23 19:55:16.425+0000 [id=60]	INFO	hudson.model.UpdateSite$Plugin#deploy: Adding dependent install of workflow-multibranch for plugin pipeline-model-definition
2019-10-23 19:55:16.425+0000 [id=60]	INFO	hudson.model.UpdateSite$Plugin#deploy: Adding dependent install of branch-api for plugin workflow-multibranch
2019-10-23 19:55:16.425+0000 [id=60]	INFO	hudson.model.UpdateSite$Plugin#deploy: Adding dependent install of docker-workflow for plugin pipeline-model-definition
2019-10-23 19:55:16.425+0000 [id=60]	INFO	hudson.model.UpdateSite$Plugin#deploy: Adding dependent install of docker-commons for plugin docker-workflow
2019-10-23 19:55:16.425+0000 [id=60]	INFO	hudson.model.UpdateSite$Plugin#deploy: Adding dependent install of authentication-tokens for plugin docker-commons
2019-10-23 19:55:16.425+0000 [id=60]	INFO	hudson.model.UpdateSite$Plugin#deploy: Adding dependent install of pipeline-stage-tags-metadata for plugin pipeline-model-definition
2019-10-23 19:55:16.426+0000 [id=60]	INFO	hudson.model.UpdateSite$Plugin#deploy: Adding dependent install of pipeline-model-declarative-agent for plugin pipeline-model-definition
2019-10-23 19:55:16.426+0000 [id=60]	INFO	hudson.model.UpdateSite$Plugin#deploy: Adding dependent install of lockable-resources for plugin workflow-aggregator
2019-10-23 19:55:16.426+0000 [id=60]	INFO	hudson.model.UpdateSite$Plugin#deploy: Adding dependent install of github-api for plugin github-branch-source
2019-10-23 19:55:16.426+0000 [id=60]	INFO	hudson.model.UpdateSite$Plugin#deploy: Adding dependent install of github for plugin github-branch-source
2019-10-23 19:55:16.426+0000 [id=60]	INFO	hudson.model.UpdateSite$Plugin#deploy: Adding dependent install of git for plugin github
2019-10-23 19:55:16.427+0000 [id=60]	INFO	hudson.model.UpdateSite$Plugin#deploy: Adding dependent install of mapdb-api for plugin subversion
2019-10-23 19:55:17.019+0000 [id=98]	INFO	h.m.UpdateCenter$UpdateCenterConfiguration#download: Downloading trilead-api
2019-10-23 19:55:17.266+0000 [id=98]	INFO	h.model.UpdateCenter$DownloadJob#run: Installation successful: trilead-api
2019-10-23 19:55:17.266+0000 [id=98]	INFO	h.model.UpdateCenter$DownloadJob#run: Starting the installation of cloudbees-folder on behalf of admin
2019-10-23 19:55:17.782+0000 [id=98]	INFO	h.m.UpdateCenter$UpdateCenterConfiguration#download: Downloading cloudbees-folder
2019-10-23 19:55:17.868+0000 [id=98]	INFO	h.model.UpdateCenter$DownloadJob#run: Installation successful: cloudbees-folder
2019-10-23 19:55:17.868+0000 [id=98]	INFO	h.model.UpdateCenter$DownloadJob#run: Starting the installation of jdk-tool on behalf of admin
2019-10-23 19:55:18.382+0000 [id=98]	INFO	h.m.UpdateCenter$UpdateCenterConfiguration#download: Downloading jdk-tool
2019-10-23 19:55:18.416+0000 [id=98]	INFO	h.model.UpdateCenter$DownloadJob#run: Installation successful: jdk-tool
2019-10-23 19:55:18.416+0000 [id=98]	INFO	h.model.UpdateCenter$DownloadJob#run: Starting the installation of script-security on behalf of admin
2019-10-23 19:55:18.926+0000 [id=98]	INFO	h.m.UpdateCenter$UpdateCenterConfiguration#download: Downloading script-security
2019-10-23 19:55:19.244+0000 [id=98]	INFO	h.model.UpdateCenter$DownloadJob#run: Installation successful: script-security
2019-10-23 19:55:19.245+0000 [id=98]	INFO	h.model.UpdateCenter$DownloadJob#run: Starting the installation of command-launcher on behalf of admin
2019-10-23 19:55:19.761+0000 [id=98]	INFO	h.m.UpdateCenter$UpdateCenterConfiguration#download: Downloading command-launcher
2019-10-23 19:55:20.036+0000 [id=98]	INFO	h.model.UpdateCenter$DownloadJob#run: Installation successful: command-launcher
2019-10-23 19:55:20.036+0000 [id=98]	INFO	h.model.UpdateCenter$DownloadJob#run: Starting the installation of antisamy-markup-formatter on behalf of admin
2019-10-23 19:55:20.547+0000 [id=98]	INFO	h.m.UpdateCenter$UpdateCenterConfiguration#download: Downloading antisamy-markup-formatter
2019-10-23 19:55:20.745+0000 [id=98]	INFO	h.model.UpdateCenter$DownloadJob#run: Installation successful: antisamy-markup-formatter
2019-10-23 19:55:20.746+0000 [id=98]	INFO	h.model.UpdateCenter$DownloadJob#run: Starting the installation of structs on behalf of admin
2019-10-23 19:55:21.257+0000 [id=98]	INFO	h.m.UpdateCenter$UpdateCenterConfiguration#download: Downloading structs
2019-10-23 19:55:21.482+0000 [id=98]	INFO	h.model.UpdateCenter$DownloadJob#run: Installation successful: structs
2019-10-23 19:55:21.482+0000 [id=98]	INFO	h.model.UpdateCenter$DownloadJob#run: Starting the installation of workflow-step-api on behalf of admin
2019-10-23 19:55:21.993+0000 [id=98]	INFO	h.m.UpdateCenter$UpdateCenterConfiguration#download: Downloading workflow-step-api
2019-10-23 19:55:22.079+0000 [id=98]	INFO	h.model.UpdateCenter$DownloadJob#run: Installation successful: workflow-step-api
2019-10-23 19:55:22.079+0000 [id=98]	INFO	h.model.UpdateCenter$DownloadJob#run: Starting the installation of token-macro on behalf of admin
2019-10-23 19:55:22.863+0000 [id=98]	INFO	h.m.UpdateCenter$UpdateCenterConfiguration#download: Downloading token-macro
2019-10-23 19:55:23.535+0000 [id=98]	INFO	h.model.UpdateCenter$DownloadJob#run: Installation successful: token-macro
2019-10-23 19:55:23.535+0000 [id=98]	INFO	h.model.UpdateCenter$DownloadJob#run: Starting the installation of bouncycastle-api on behalf of admin
2019-10-23 19:55:24.044+0000 [id=98]	INFO	h.m.UpdateCenter$UpdateCenterConfiguration#download: Downloading bouncycastle-api
2019-10-23 19:55:24.940+0000 [id=98]	INFO	h.model.UpdateCenter$DownloadJob#run: Installation successful: bouncycastle-api
2019-10-23 19:55:24.940+0000 [id=98]	INFO	h.model.UpdateCenter$DownloadJob#run: Starting the installation of build-timeout on behalf of admin
2019-10-23 19:55:25.475+0000 [id=98]	INFO	h.m.UpdateCenter$UpdateCenterConfiguration#download: Downloading build-timeout
2019-10-23 19:55:25.548+0000 [id=98]	INFO	h.model.UpdateCenter$DownloadJob#run: Installation successful: build-timeout
2019-10-23 19:55:25.549+0000 [id=98]	INFO	h.model.UpdateCenter$DownloadJob#run: Starting the installation of credentials on behalf of admin
2019-10-23 19:55:26.085+0000 [id=98]	INFO	h.m.UpdateCenter$UpdateCenterConfiguration#download: Downloading credentials
2019-10-23 19:55:26.490+0000 [id=98]	INFO	h.model.UpdateCenter$DownloadJob#run: Installation successful: credentials
2019-10-23 19:55:26.490+0000 [id=98]	INFO	h.model.UpdateCenter$DownloadJob#run: Starting the installation of plain-credentials on behalf of admin
2019-10-23 19:55:27.006+0000 [id=98]	INFO	h.m.UpdateCenter$UpdateCenterConfiguration#download: Downloading plain-credentials
2019-10-23 19:55:27.161+0000 [id=98]	INFO	h.model.UpdateCenter$DownloadJob#run: Installation successful: plain-credentials
2019-10-23 19:55:27.161+0000 [id=98]	INFO	h.model.UpdateCenter$DownloadJob#run: Starting the installation of ssh-credentials on behalf of admin
2019-10-23 19:55:27.673+0000 [id=98]	INFO	h.m.UpdateCenter$UpdateCenterConfiguration#download: Downloading ssh-credentials
2019-10-23 19:55:27.753+0000 [id=98]	INFO	h.model.UpdateCenter$DownloadJob#run: Installation successful: ssh-credentials
2019-10-23 19:55:27.754+0000 [id=98]	INFO	h.model.UpdateCenter$DownloadJob#run: Starting the installation of credentials-binding on behalf of admin
2019-10-23 19:55:28.264+0000 [id=98]	INFO	h.m.UpdateCenter$UpdateCenterConfiguration#download: Downloading credentials-binding
2019-10-23 19:55:28.355+0000 [id=98]	INFO	h.model.UpdateCenter$DownloadJob#run: Installation successful: credentials-binding
2019-10-23 19:55:28.355+0000 [id=98]	INFO	h.model.UpdateCenter$DownloadJob#run: Starting the installation of scm-api on behalf of admin
2019-10-23 19:55:28.872+0000 [id=98]	INFO	h.m.UpdateCenter$UpdateCenterConfiguration#download: Downloading scm-api
2019-10-23 19:55:28.979+0000 [id=98]	INFO	h.model.UpdateCenter$DownloadJob#run: Installation successful: scm-api
2019-10-23 19:55:28.979+0000 [id=98]	INFO	h.model.UpdateCenter$DownloadJob#run: Starting the installation of workflow-api on behalf of admin
2019-10-23 19:55:29.492+0000 [id=98]	INFO	h.m.UpdateCenter$UpdateCenterConfiguration#download: Downloading workflow-api
2019-10-23 19:55:29.558+0000 [id=98]	INFO	h.model.UpdateCenter$DownloadJob#run: Installation successful: workflow-api
2019-10-23 19:55:29.558+0000 [id=98]	INFO	h.model.UpdateCenter$DownloadJob#run: Starting the installation of timestamper on behalf of admin
2019-10-23 19:55:30.069+0000 [id=98]	INFO	h.m.UpdateCenter$UpdateCenterConfiguration#download: Downloading timestamper
2019-10-23 19:55:30.123+0000 [id=98]	INFO	h.model.UpdateCenter$DownloadJob#run: Installation successful: timestamper
2019-10-23 19:55:30.123+0000 [id=98]	INFO	h.model.UpdateCenter$DownloadJob#run: Starting the installation of workflow-support on behalf of admin
2019-10-23 19:55:30.632+0000 [id=98]	INFO	h.m.UpdateCenter$UpdateCenterConfiguration#download: Downloading workflow-support
2019-10-23 19:55:30.756+0000 [id=98]	INFO	h.model.UpdateCenter$DownloadJob#run: Installation successful: workflow-support
2019-10-23 19:55:30.756+0000 [id=98]	INFO	h.model.UpdateCenter$DownloadJob#run: Starting the installation of durable-task on behalf of admin
2019-10-23 19:55:31.329+0000 [id=98]	INFO	h.m.UpdateCenter$UpdateCenterConfiguration#download: Downloading durable-task
2019-10-23 19:55:32.015+0000 [id=98]	INFO	h.model.UpdateCenter$DownloadJob#run: Installation successful: durable-task
2019-10-23 19:55:32.015+0000 [id=98]	INFO	h.model.UpdateCenter$DownloadJob#run: Starting the installation of workflow-durable-task-step on behalf of admin
2019-10-23 19:55:32.528+0000 [id=98]	INFO	h.m.UpdateCenter$UpdateCenterConfiguration#download: Downloading workflow-durable-task-step
2019-10-23 19:55:32.599+0000 [id=98]	INFO	h.model.UpdateCenter$DownloadJob#run: Installation successful: workflow-durable-task-step
2019-10-23 19:55:32.599+0000 [id=98]	INFO	h.model.UpdateCenter$DownloadJob#run: Starting the installation of junit on behalf of admin
2019-10-23 19:55:33.114+0000 [id=98]	INFO	h.m.UpdateCenter$UpdateCenterConfiguration#download: Downloading junit
2019-10-23 19:55:33.220+0000 [id=98]	INFO	h.model.UpdateCenter$DownloadJob#run: Installation successful: junit
2019-10-23 19:55:33.220+0000 [id=98]	INFO	h.model.UpdateCenter$DownloadJob#run: Starting the installation of matrix-project on behalf of admin
2019-10-23 19:55:33.729+0000 [id=98]	INFO	h.m.UpdateCenter$UpdateCenterConfiguration#download: Downloading matrix-project
2019-10-23 19:55:33.832+0000 [id=98]	INFO	h.model.UpdateCenter$DownloadJob#run: Installation successful: matrix-project
2019-10-23 19:55:33.832+0000 [id=98]	INFO	h.model.UpdateCenter$DownloadJob#run: Starting the installation of resource-disposer on behalf of admin
2019-10-23 19:55:34.369+0000 [id=98]	INFO	h.m.UpdateCenter$UpdateCenterConfiguration#download: Downloading resource-disposer
2019-10-23 19:55:34.550+0000 [id=98]	INFO	h.model.UpdateCenter$DownloadJob#run: Installation successful: resource-disposer
2019-10-23 19:55:34.550+0000 [id=98]	INFO	h.model.UpdateCenter$DownloadJob#run: Starting the installation of ws-cleanup on behalf of admin
2019-10-23 19:55:35.084+0000 [id=98]	INFO	h.m.UpdateCenter$UpdateCenterConfiguration#download: Downloading ws-cleanup
2019-10-23 19:55:35.379+0000 [id=98]	INFO	h.model.UpdateCenter$DownloadJob#run: Installation successful: ws-cleanup
2019-10-23 19:55:35.379+0000 [id=98]	INFO	h.model.UpdateCenter$DownloadJob#run: Starting the installation of ant on behalf of admin
2019-10-23 19:55:35.891+0000 [id=98]	INFO	h.m.UpdateCenter$UpdateCenterConfiguration#download: Downloading ant
2019-10-23 19:55:35.960+0000 [id=98]	INFO	h.model.UpdateCenter$DownloadJob#run: Installation successful: ant
2019-10-23 19:55:35.960+0000 [id=98]	INFO	h.model.UpdateCenter$DownloadJob#run: Starting the installation of ace-editor on behalf of admin
2019-10-23 19:55:36.473+0000 [id=98]	INFO	h.m.UpdateCenter$UpdateCenterConfiguration#download: Downloading ace-editor
2019-10-23 19:55:38.148+0000 [id=98]	INFO	h.model.UpdateCenter$DownloadJob#run: Installation successful: ace-editor
2019-10-23 19:55:38.148+0000 [id=98]	INFO	h.model.UpdateCenter$DownloadJob#run: Starting the installation of jquery-detached on behalf of admin
2019-10-23 19:55:38.667+0000 [id=98]	INFO	h.m.UpdateCenter$UpdateCenterConfiguration#download: Downloading jquery-detached
2019-10-23 19:55:38.799+0000 [id=98]	INFO	h.model.UpdateCenter$DownloadJob#run: Installation successful: jquery-detached
2019-10-23 19:55:38.799+0000 [id=98]	INFO	h.model.UpdateCenter$DownloadJob#run: Starting the installation of workflow-scm-step on behalf of admin
2019-10-23 19:55:39.334+0000 [id=98]	INFO	h.m.UpdateCenter$UpdateCenterConfiguration#download: Downloading workflow-scm-step
2019-10-23 19:55:39.453+0000 [id=98]	INFO	h.model.UpdateCenter$DownloadJob#run: Installation successful: workflow-scm-step
2019-10-23 19:55:39.453+0000 [id=98]	INFO	h.model.UpdateCenter$DownloadJob#run: Starting the installation of workflow-cps on behalf of admin
2019-10-23 19:55:39.969+0000 [id=98]	INFO	h.m.UpdateCenter$UpdateCenterConfiguration#download: Downloading workflow-cps
2019-10-23 19:55:40.298+0000 [id=98]	INFO	h.model.UpdateCenter$DownloadJob#run: Installation successful: workflow-cps
2019-10-23 19:55:40.298+0000 [id=98]	INFO	h.model.UpdateCenter$DownloadJob#run: Starting the installation of workflow-job on behalf of admin
2019-10-23 19:55:40.813+0000 [id=98]	INFO	h.m.UpdateCenter$UpdateCenterConfiguration#download: Downloading workflow-job
2019-10-23 19:55:40.868+0000 [id=98]	INFO	h.model.UpdateCenter$DownloadJob#run: Installation successful: workflow-job
2019-10-23 19:55:40.868+0000 [id=98]	INFO	h.model.UpdateCenter$DownloadJob#run: Starting the installation of apache-httpcomponents-client-4-api on behalf of admin
2019-10-23 19:55:41.385+0000 [id=98]	INFO	h.m.UpdateCenter$UpdateCenterConfiguration#download: Downloading apache-httpcomponents-client-4-api
2019-10-23 19:55:42.001+0000 [id=98]	INFO	h.model.UpdateCenter$DownloadJob#run: Installation successful: apache-httpcomponents-client-4-api
2019-10-23 19:55:42.001+0000 [id=98]	INFO	h.model.UpdateCenter$DownloadJob#run: Starting the installation of display-url-api on behalf of admin
2019-10-23 19:55:42.516+0000 [id=98]	INFO	h.m.UpdateCenter$UpdateCenterConfiguration#download: Downloading display-url-api
2019-10-23 19:55:42.666+0000 [id=98]	INFO	h.model.UpdateCenter$DownloadJob#run: Installation successful: display-url-api
2019-10-23 19:55:42.666+0000 [id=98]	INFO	h.model.UpdateCenter$DownloadJob#run: Starting the installation of mailer on behalf of admin
2019-10-23 19:55:43.176+0000 [id=98]	INFO	h.m.UpdateCenter$UpdateCenterConfiguration#download: Downloading mailer
2019-10-23 19:55:43.265+0000 [id=98]	INFO	h.model.UpdateCenter$DownloadJob#run: Installation successful: mailer
2019-10-23 19:55:43.265+0000 [id=98]	INFO	h.model.UpdateCenter$DownloadJob#run: Starting the installation of workflow-basic-steps on behalf of admin
2019-10-23 19:55:43.776+0000 [id=98]	INFO	h.m.UpdateCenter$UpdateCenterConfiguration#download: Downloading workflow-basic-steps
2019-10-23 19:55:43.846+0000 [id=98]	INFO	h.model.UpdateCenter$DownloadJob#run: Installation successful: workflow-basic-steps
2019-10-23 19:55:43.846+0000 [id=98]	INFO	h.model.UpdateCenter$DownloadJob#run: Starting the installation of gradle on behalf of admin
2019-10-23 19:55:44.362+0000 [id=98]	INFO	h.m.UpdateCenter$UpdateCenterConfiguration#download: Downloading gradle
2019-10-23 19:55:44.498+0000 [id=98]	WARNING	hudson.ClassicPluginStrategy#createClassJarFromWebInfClasses: Created C:\Program Files (x86)\Jenkins\plugins\gradle\WEB-INF\lib\classes.jar; update plugin to a version created with a newer harness
2019-10-23 19:55:44.635+0000 [id=98]	INFO	h.model.UpdateCenter$DownloadJob#run: Installation successful: gradle
2019-10-23 19:55:44.635+0000 [id=98]	INFO	h.model.UpdateCenter$DownloadJob#run: Starting the installation of pipeline-milestone-step on behalf of admin
2019-10-23 19:55:45.171+0000 [id=98]	INFO	h.m.UpdateCenter$UpdateCenterConfiguration#download: Downloading pipeline-milestone-step
2019-10-23 19:55:45.323+0000 [id=98]	INFO	h.model.UpdateCenter$DownloadJob#run: Installation successful: pipeline-milestone-step
2019-10-23 19:55:45.323+0000 [id=98]	INFO	h.model.UpdateCenter$DownloadJob#run: Starting the installation of jackson2-api on behalf of admin
2019-10-23 19:55:45.841+0000 [id=98]	INFO	h.m.UpdateCenter$UpdateCenterConfiguration#download: Downloading jackson2-api
2019-10-23 19:55:46.675+0000 [id=98]	INFO	h.model.UpdateCenter$DownloadJob#run: Installation successful: jackson2-api
2019-10-23 19:55:46.675+0000 [id=98]	INFO	h.model.UpdateCenter$DownloadJob#run: Starting the installation of pipeline-input-step on behalf of admin
2019-10-23 19:55:47.182+0000 [id=98]	INFO	h.m.UpdateCenter$UpdateCenterConfiguration#download: Downloading pipeline-input-step
2019-10-23 19:55:47.366+0000 [id=98]	INFO	h.model.UpdateCenter$DownloadJob#run: Installation successful: pipeline-input-step
2019-10-23 19:55:47.366+0000 [id=98]	INFO	h.model.UpdateCenter$DownloadJob#run: Starting the installation of pipeline-stage-step on behalf of admin
2019-10-23 19:55:47.882+0000 [id=98]	INFO	h.m.UpdateCenter$UpdateCenterConfiguration#download: Downloading pipeline-stage-step
2019-10-23 19:55:48.045+0000 [id=98]	INFO	h.model.UpdateCenter$DownloadJob#run: Installation successful: pipeline-stage-step
2019-10-23 19:55:48.045+0000 [id=98]	INFO	h.model.UpdateCenter$DownloadJob#run: Starting the installation of pipeline-graph-analysis on behalf of admin
2019-10-23 19:55:48.558+0000 [id=98]	INFO	h.m.UpdateCenter$UpdateCenterConfiguration#download: Downloading pipeline-graph-analysis
2019-10-23 19:55:48.678+0000 [id=98]	INFO	h.model.UpdateCenter$DownloadJob#run: Installation successful: pipeline-graph-analysis
2019-10-23 19:55:48.678+0000 [id=98]	INFO	h.model.UpdateCenter$DownloadJob#run: Starting the installation of pipeline-rest-api on behalf of admin
2019-10-23 19:55:49.195+0000 [id=98]	INFO	h.m.UpdateCenter$UpdateCenterConfiguration#download: Downloading pipeline-rest-api
2019-10-23 19:55:49.309+0000 [id=98]	INFO	h.model.UpdateCenter$DownloadJob#run: Installation successful: pipeline-rest-api
2019-10-23 19:55:49.309+0000 [id=98]	INFO	h.model.UpdateCenter$DownloadJob#run: Starting the installation of handlebars on behalf of admin
2019-10-23 19:55:49.822+0000 [id=98]	INFO	h.m.UpdateCenter$UpdateCenterConfiguration#download: Downloading handlebars
2019-10-23 19:55:49.902+0000 [id=98]	INFO	h.model.UpdateCenter$DownloadJob#run: Installation successful: handlebars
2019-10-23 19:55:49.902+0000 [id=98]	INFO	h.model.UpdateCenter$DownloadJob#run: Starting the installation of momentjs on behalf of admin
2019-10-23 19:55:50.420+0000 [id=98]	INFO	h.m.UpdateCenter$UpdateCenterConfiguration#download: Downloading momentjs
2019-10-23 19:55:50.543+0000 [id=98]	INFO	h.model.UpdateCenter$DownloadJob#run: Installation successful: momentjs
2019-10-23 19:55:50.543+0000 [id=98]	INFO	h.model.UpdateCenter$DownloadJob#run: Starting the installation of pipeline-stage-view on behalf of admin
2019-10-23 19:55:51.054+0000 [id=98]	INFO	h.m.UpdateCenter$UpdateCenterConfiguration#download: Downloading pipeline-stage-view
2019-10-23 19:55:51.223+0000 [id=98]	INFO	h.model.UpdateCenter$DownloadJob#run: Installation successful: pipeline-stage-view
2019-10-23 19:55:51.223+0000 [id=98]	INFO	h.model.UpdateCenter$DownloadJob#run: Starting the installation of pipeline-build-step on behalf of admin
2019-10-23 19:55:51.731+0000 [id=98]	INFO	h.m.UpdateCenter$UpdateCenterConfiguration#download: Downloading pipeline-build-step
2019-10-23 19:55:51.959+0000 [id=98]	INFO	h.model.UpdateCenter$DownloadJob#run: Installation successful: pipeline-build-step
2019-10-23 19:55:51.959+0000 [id=98]	INFO	h.model.UpdateCenter$DownloadJob#run: Starting the installation of pipeline-model-api on behalf of admin
2019-10-23 19:55:52.493+0000 [id=98]	INFO	h.m.UpdateCenter$UpdateCenterConfiguration#download: Downloading pipeline-model-api
2019-10-23 19:55:53.204+0000 [id=98]	INFO	h.model.UpdateCenter$DownloadJob#run: Installation successful: pipeline-model-api
2019-10-23 19:55:53.205+0000 [id=98]	INFO	h.model.UpdateCenter$DownloadJob#run: Starting the installation of pipeline-model-extensions on behalf of admin
2019-10-23 19:55:53.717+0000 [id=98]	INFO	h.m.UpdateCenter$UpdateCenterConfiguration#download: Downloading pipeline-model-extensions
2019-10-23 19:55:53.907+0000 [id=98]	INFO	h.model.UpdateCenter$DownloadJob#run: Installation successful: pipeline-model-extensions
2019-10-23 19:55:53.907+0000 [id=98]	INFO	h.model.UpdateCenter$DownloadJob#run: Starting the installation of jsch on behalf of admin
2019-10-23 19:55:54.441+0000 [id=98]	INFO	h.m.UpdateCenter$UpdateCenterConfiguration#download: Downloading jsch
2019-10-23 19:55:54.603+0000 [id=98]	INFO	h.model.UpdateCenter$DownloadJob#run: Installation successful: jsch
2019-10-23 19:55:54.603+0000 [id=98]	INFO	h.model.UpdateCenter$DownloadJob#run: Starting the installation of git-client on behalf of admin
2019-10-23 19:55:55.122+0000 [id=98]	INFO	h.m.UpdateCenter$UpdateCenterConfiguration#download: Downloading git-client
2019-10-23 19:55:55.784+0000 [id=98]	INFO	h.model.UpdateCenter$DownloadJob#run: Installation successful: git-client
2019-10-23 19:55:55.784+0000 [id=98]	INFO	h.model.UpdateCenter$DownloadJob#run: Starting the installation of git-server on behalf of admin
2019-10-23 19:55:56.293+0000 [id=98]	INFO	h.m.UpdateCenter$UpdateCenterConfiguration#download: Downloading git-server
2019-10-23 19:55:56.492+0000 [id=98]	INFO	h.model.UpdateCenter$DownloadJob#run: Installation successful: git-server
2019-10-23 19:55:56.492+0000 [id=98]	INFO	h.model.UpdateCenter$DownloadJob#run: Starting the installation of workflow-cps-global-lib on behalf of admin
2019-10-23 19:55:57.007+0000 [id=98]	INFO	h.m.UpdateCenter$UpdateCenterConfiguration#download: Downloading workflow-cps-global-lib
2019-10-23 19:55:58.048+0000 [id=98]	INFO	h.model.UpdateCenter$DownloadJob#run: Installation successful: workflow-cps-global-lib
2019-10-23 19:55:58.049+0000 [id=98]	INFO	h.model.UpdateCenter$DownloadJob#run: Starting the installation of branch-api on behalf of admin
2019-10-23 19:55:58.562+0000 [id=98]	INFO	h.m.UpdateCenter$UpdateCenterConfiguration#download: Downloading branch-api
2019-10-23 19:55:58.670+0000 [id=98]	INFO	h.model.UpdateCenter$DownloadJob#run: Installation successful: branch-api
2019-10-23 19:55:58.670+0000 [id=98]	INFO	h.model.UpdateCenter$DownloadJob#run: Starting the installation of workflow-multibranch on behalf of admin
2019-10-23 19:55:59.187+0000 [id=98]	INFO	h.m.UpdateCenter$UpdateCenterConfiguration#download: Downloading workflow-multibranch
2019-10-23 19:55:59.244+0000 [id=98]	INFO	h.model.UpdateCenter$DownloadJob#run: Installation successful: workflow-multibranch
2019-10-23 19:55:59.244+0000 [id=98]	INFO	h.model.UpdateCenter$DownloadJob#run: Starting the installation of authentication-tokens on behalf of admin
2019-10-23 19:55:59.757+0000 [id=98]	INFO	h.m.UpdateCenter$UpdateCenterConfiguration#download: Downloading authentication-tokens
2019-10-23 19:55:59.865+0000 [id=98]	INFO	h.model.UpdateCenter$DownloadJob#run: Installation successful: authentication-tokens
2019-10-23 19:55:59.865+0000 [id=98]	INFO	h.model.UpdateCenter$DownloadJob#run: Starting the installation of docker-commons on behalf of admin
2019-10-23 19:56:00.381+0000 [id=98]	INFO	h.m.UpdateCenter$UpdateCenterConfiguration#download: Downloading docker-commons
2019-10-23 19:56:00.483+0000 [id=98]	INFO	h.model.UpdateCenter$DownloadJob#run: Installation successful: docker-commons
2019-10-23 19:56:00.483+0000 [id=98]	INFO	h.model.UpdateCenter$DownloadJob#run: Starting the installation of docker-workflow on behalf of admin
2019-10-23 19:56:01.071+0000 [id=98]	INFO	h.m.UpdateCenter$UpdateCenterConfiguration#download: Downloading docker-workflow
2019-10-23 19:56:01.274+0000 [id=98]	INFO	h.model.UpdateCenter$DownloadJob#run: Installation successful: docker-workflow
2019-10-23 19:56:01.274+0000 [id=98]	INFO	h.model.UpdateCenter$DownloadJob#run: Starting the installation of pipeline-stage-tags-metadata on behalf of admin
2019-10-23 19:56:01.783+0000 [id=98]	INFO	h.m.UpdateCenter$UpdateCenterConfiguration#download: Downloading pipeline-stage-tags-metadata
2019-10-23 19:56:01.863+0000 [id=98]	INFO	h.model.UpdateCenter$DownloadJob#run: Installation successful: pipeline-stage-tags-metadata
2019-10-23 19:56:01.864+0000 [id=98]	INFO	h.model.UpdateCenter$DownloadJob#run: Starting the installation of pipeline-model-declarative-agent on behalf of admin
2019-10-23 19:56:02.381+0000 [id=98]	INFO	h.m.UpdateCenter$UpdateCenterConfiguration#download: Downloading pipeline-model-declarative-agent
2019-10-23 19:56:02.439+0000 [id=98]	INFO	h.model.UpdateCenter$DownloadJob#run: Installation successful: pipeline-model-declarative-agent
2019-10-23 19:56:02.439+0000 [id=98]	INFO	h.model.UpdateCenter$DownloadJob#run: Starting the installation of pipeline-model-definition on behalf of admin
2019-10-23 19:56:02.974+0000 [id=98]	INFO	h.m.UpdateCenter$UpdateCenterConfiguration#download: Downloading pipeline-model-definition
2019-10-23 19:56:03.326+0000 [id=98]	INFO	h.model.UpdateCenter$DownloadJob#run: Installation successful: pipeline-model-definition
2019-10-23 19:56:03.326+0000 [id=98]	INFO	h.model.UpdateCenter$DownloadJob#run: Starting the installation of lockable-resources on behalf of admin
2019-10-23 19:56:03.863+0000 [id=98]	INFO	h.m.UpdateCenter$UpdateCenterConfiguration#download: Downloading lockable-resources
2019-10-23 19:56:03.982+0000 [id=98]	INFO	h.model.UpdateCenter$DownloadJob#run: Installation successful: lockable-resources
2019-10-23 19:56:03.982+0000 [id=98]	INFO	h.model.UpdateCenter$DownloadJob#run: Starting the installation of workflow-aggregator on behalf of admin
2019-10-23 19:56:04.494+0000 [id=98]	INFO	h.m.UpdateCenter$UpdateCenterConfiguration#download: Downloading workflow-aggregator
2019-10-23 19:56:04.548+0000 [id=98]	INFO	h.model.UpdateCenter$DownloadJob#run: Installation successful: workflow-aggregator
2019-10-23 19:56:04.548+0000 [id=98]	INFO	h.model.UpdateCenter$DownloadJob#run: Starting the installation of github-api on behalf of admin
2019-10-23 19:56:05.056+0000 [id=98]	INFO	h.m.UpdateCenter$UpdateCenterConfiguration#download: Downloading github-api
2019-10-23 19:56:05.436+0000 [id=98]	INFO	h.model.UpdateCenter$DownloadJob#run: Installation successful: github-api
2019-10-23 19:56:05.436+0000 [id=98]	INFO	h.model.UpdateCenter$DownloadJob#run: Starting the installation of git on behalf of admin
2019-10-23 19:56:05.943+0000 [id=98]	INFO	h.m.UpdateCenter$UpdateCenterConfiguration#download: Downloading git
2019-10-23 19:56:06.525+0000 [id=98]	INFO	h.model.UpdateCenter$DownloadJob#run: Installation successful: git
2019-10-23 19:56:06.526+0000 [id=98]	INFO	h.model.UpdateCenter$DownloadJob#run: Starting the installation of github on behalf of admin
2019-10-23 19:56:07.064+0000 [id=98]	INFO	h.m.UpdateCenter$UpdateCenterConfiguration#download: Downloading github
2019-10-23 19:56:07.691+0000 [id=98]	INFO	h.model.UpdateCenter$DownloadJob#run: Installation successful: github
2019-10-23 19:56:07.691+0000 [id=98]	INFO	h.model.UpdateCenter$DownloadJob#run: Starting the installation of github-branch-source on behalf of admin
2019-10-23 19:56:08.203+0000 [id=98]	INFO	h.m.UpdateCenter$UpdateCenterConfiguration#download: Downloading github-branch-source
2019-10-23 19:56:08.310+0000 [id=98]	INFO	h.model.UpdateCenter$DownloadJob#run: Installation successful: github-branch-source
2019-10-23 19:56:08.310+0000 [id=98]	INFO	h.model.UpdateCenter$DownloadJob#run: Starting the installation of pipeline-github-lib on behalf of admin
2019-10-23 19:56:08.826+0000 [id=98]	INFO	h.m.UpdateCenter$UpdateCenterConfiguration#download: Downloading pipeline-github-lib
2019-10-23 19:56:08.891+0000 [id=98]	INFO	h.model.UpdateCenter$DownloadJob#run: Installation successful: pipeline-github-lib
2019-10-23 19:56:08.891+0000 [id=98]	INFO	h.model.UpdateCenter$DownloadJob#run: Starting the installation of pipeline-stage-view on behalf of admin
2019-10-23 19:56:08.891+0000 [id=98]	INFO	h.m.UpdateCenter$InstallationJob#_run: Skipping duplicate install of: Pipeline: Stage View@2.12
2019-10-23 19:56:08.891+0000 [id=98]	INFO	h.model.UpdateCenter$DownloadJob#run: Installation successful: pipeline-stage-view
2019-10-23 19:56:08.891+0000 [id=98]	INFO	h.model.UpdateCenter$DownloadJob#run: Starting the installation of git on behalf of admin
2019-10-23 19:56:08.891+0000 [id=98]	INFO	h.m.UpdateCenter$InstallationJob#_run: Skipping duplicate install of: Git@3.12.1
2019-10-23 19:56:08.891+0000 [id=98]	INFO	h.model.UpdateCenter$DownloadJob#run: Installation successful: git
2019-10-23 19:56:08.891+0000 [id=98]	INFO	h.model.UpdateCenter$DownloadJob#run: Starting the installation of mapdb-api on behalf of admin
2019-10-23 19:56:09.403+0000 [id=98]	INFO	h.m.UpdateCenter$UpdateCenterConfiguration#download: Downloading mapdb-api
2019-10-23 19:56:09.571+0000 [id=98]	INFO	h.model.UpdateCenter$DownloadJob#run: Installation successful: mapdb-api
2019-10-23 19:56:09.571+0000 [id=98]	INFO	h.model.UpdateCenter$DownloadJob#run: Starting the installation of subversion on behalf of admin
2019-10-23 19:56:10.087+0000 [id=98]	INFO	h.m.UpdateCenter$UpdateCenterConfiguration#download: Downloading subversion
2019-10-23 19:56:11.665+0000 [id=98]	INFO	h.model.UpdateCenter$DownloadJob#run: Installation successful: subversion
2019-10-23 19:56:11.665+0000 [id=98]	INFO	h.model.UpdateCenter$DownloadJob#run: Starting the installation of ssh-slaves on behalf of admin
2019-10-23 19:56:12.250+0000 [id=98]	INFO	h.m.UpdateCenter$UpdateCenterConfiguration#download: Downloading ssh-slaves
2019-10-23 19:56:12.750+0000 [id=98]	INFO	h.model.UpdateCenter$DownloadJob#run: Installation successful: ssh-slaves
2019-10-23 19:56:12.751+0000 [id=98]	INFO	h.model.UpdateCenter$DownloadJob#run: Starting the installation of matrix-auth on behalf of admin
2019-10-23 19:56:13.286+0000 [id=98]	INFO	h.m.UpdateCenter$UpdateCenterConfiguration#download: Downloading matrix-auth
2019-10-23 19:56:13.498+0000 [id=98]	INFO	h.model.UpdateCenter$DownloadJob#run: Installation successful: matrix-auth
2019-10-23 19:56:13.498+0000 [id=98]	INFO	h.model.UpdateCenter$DownloadJob#run: Starting the installation of pam-auth on behalf of admin
2019-10-23 19:56:14.033+0000 [id=98]	INFO	h.m.UpdateCenter$UpdateCenterConfiguration#download: Downloading pam-auth
2019-10-23 19:56:14.418+0000 [id=98]	INFO	h.model.UpdateCenter$DownloadJob#run: Installation successful: pam-auth
2019-10-23 19:56:14.418+0000 [id=98]	INFO	h.model.UpdateCenter$DownloadJob#run: Starting the installation of ldap on behalf of admin
2019-10-23 19:56:14.934+0000 [id=98]	INFO	h.m.UpdateCenter$UpdateCenterConfiguration#download: Downloading ldap
2019-10-23 19:56:15.019+0000 [id=98]	INFO	h.model.UpdateCenter$DownloadJob#run: Installation successful: ldap
2019-10-23 19:56:15.019+0000 [id=98]	INFO	h.model.UpdateCenter$DownloadJob#run: Starting the installation of email-ext on behalf of admin
2019-10-23 19:56:15.525+0000 [id=98]	INFO	h.m.UpdateCenter$UpdateCenterConfiguration#download: Downloading email-ext
2019-10-23 19:56:15.818+0000 [id=98]	INFO	h.model.UpdateCenter$DownloadJob#run: Installation successful: email-ext
2019-10-23 19:56:15.818+0000 [id=98]	INFO	h.model.UpdateCenter$DownloadJob#run: Starting the installation of mailer on behalf of admin
2019-10-23 19:56:15.818+0000 [id=98]	INFO	h.m.UpdateCenter$InstallationJob#_run: Skipping duplicate install of: Mailer@1.29
2019-10-23 19:56:15.818+0000 [id=98]	INFO	h.model.UpdateCenter$DownloadJob#run: Installation successful: mailer
2019-10-23 19:56:15.818+0000 [id=98]	INFO	h.m.UpdateCenter$CompleteBatchJob#run: Completing installing of plugin batch…
2019-10-23 19:56:19.432+0000 [id=98]	INFO	h.m.DownloadService$Downloadable#load: Obtained the updated data file for hudson.tools.JDKInstaller
2019-10-23 19:56:19.490+0000 [id=98]	INFO	h.ExtensionFinder$GuiceFinder$FaultTolerantScope$1#error: Failed to instantiate optional component hudson.plugins.build_timeout.operations.AbortAndRestartOperation$DescriptorImpl; skipping
2019-10-23 19:56:19.710+0000 [id=98]	INFO	h.m.DownloadService$Downloadable#load: Obtained the updated data file for hudson.tasks.Ant.AntInstaller
2019-10-23 19:56:19.910+0000 [id=98]	INFO	h.m.DownloadService$Downloadable#load: Obtained the updated data file for hudson.plugins.gradle.GradleInstaller
2019-10-23 19:56:20.393+0000 [id=98]	INFO	h.ExtensionFinder$GuiceFinder$FaultTolerantScope$1#error: Failed to instantiate optional component hudson.plugins.build_timeout.operations.AbortAndRestartOperation$DescriptorImpl; skipping
2019-10-23 19:56:20.396+0000 [id=98]	INFO	h.ExtensionFinder$GuiceFinder$FaultTolerantScope$1#error: Failed to instantiate optional component hudson.plugins.build_timeout.operations.AbortAndRestartOperation$DescriptorImpl; skipping
2019-10-23 19:56:20.398+0000 [id=98]	INFO	h.ExtensionFinder$GuiceFinder$FaultTolerantScope$1#error: Failed to instantiate optional component hudson.plugins.build_timeout.operations.AbortAndRestartOperation$DescriptorImpl; skipping
2019-10-23 19:56:20.400+0000 [id=98]	INFO	h.ExtensionFinder$GuiceFinder$FaultTolerantScope$1#error: Failed to instantiate optional component hudson.plugins.build_timeout.operations.AbortAndRestartOperation$DescriptorImpl; skipping
2019-10-23 19:56:20.402+0000 [id=98]	INFO	h.ExtensionFinder$GuiceFinder$FaultTolerantScope$1#error: Failed to instantiate optional component hudson.plugins.build_timeout.operations.AbortAndRestartOperation$DescriptorImpl; skipping
2019-10-23 19:56:20.432+0000 [id=101]	INFO	jenkins.InitReactorRunner$1#onAttained: Started initialization
2019-10-23 19:56:20.433+0000 [id=110]	INFO	jenkins.InitReactorRunner$1#onAttained: Listed all plugins
2019-10-23 19:56:20.433+0000 [id=114]	INFO	jenkins.InitReactorRunner$1#onAttained: Prepared all plugins
2019-10-23 19:56:20.434+0000 [id=106]	INFO	jenkins.InitReactorRunner$1#onAttained: Started all plugins
2019-10-23 19:56:20.447+0000 [id=105]	INFO	jenkins.InitReactorRunner$1#onAttained: Augmented all extensions
2019-10-23 19:56:20.459+0000 [id=108]	INFO	jenkins.InitReactorRunner$1#onAttained: Loaded all jobs
2019-10-23 19:56:20.812+0000 [id=104]	INFO	jenkins.InitReactorRunner$1#onAttained: Completed initialization
2019-10-23 19:56:21.009+0000 [id=98]	INFO	h.m.UpdateCenter$CompleteBatchJob#run: Completed installation of 74 plugins in 1 min 4 sec
2019-10-23 19:58:33.187+0000 [id=69]	INFO	hudson.PluginManager#install: Starting installation of a batch of 2 plugins plus their dependencies
2019-10-23 19:58:33.188+0000 [id=120]	INFO	h.model.UpdateCenter$DownloadJob#run: Starting the installation of selenium on behalf of marc
2019-10-23 19:58:33.725+0000 [id=120]	INFO	h.m.UpdateCenter$UpdateCenterConfiguration#download: Downloading selenium
2019-10-23 19:58:38.526+0000 [id=120]	INFO	h.model.UpdateCenter$DownloadJob#run: Installation successful: selenium
2019-10-23 19:58:38.526+0000 [id=120]	INFO	h.model.UpdateCenter$DownloadJob#run: Starting the installation of chromedriver on behalf of marc
2019-10-23 19:58:39.074+0000 [id=120]	INFO	h.m.UpdateCenter$UpdateCenterConfiguration#download: Downloading chromedriver
2019-10-23 19:58:39.162+0000 [id=120]	INFO	h.model.UpdateCenter$DownloadJob#run: Installation successful: chromedriver
2019-10-23 19:58:39.162+0000 [id=120]	INFO	h.m.UpdateCenter$CompleteBatchJob#run: Completing installing of plugin batch…
2019-10-23 19:58:39.914+0000 [id=120]	INFO	h.m.DownloadService$Downloadable#load: Obtained the updated data file for org.jenkins-ci.plugins.chromedriver.ChromeDriver
2019-10-23 19:58:40.997+0000 [id=130]	INFO	jenkins.InitReactorRunner$1#onAttained: Started initialization
2019-10-23 19:58:40.997+0000 [id=134]	INFO	jenkins.InitReactorRunner$1#onAttained: Listed all plugins
2019-10-23 19:58:40.998+0000 [id=140]	INFO	jenkins.InitReactorRunner$1#onAttained: Prepared all plugins
2019-10-23 19:58:40.999+0000 [id=145]	INFO	jenkins.InitReactorRunner$1#onAttained: Started all plugins
2019-10-23 19:58:40.999+0000 [id=132]	INFO	jenkins.InitReactorRunner$1#onAttained: Augmented all extensions
2019-10-23 19:58:40.999+0000 [id=134]	INFO	jenkins.InitReactorRunner$1#onAttained: Loaded all jobs
2019-10-23 19:58:40.999+0000 [id=140]	INFO	jenkins.InitReactorRunner$1#onAttained: Completed initialization
2019-10-23 19:58:41.170+0000 [id=120]	INFO	h.m.UpdateCenter$CompleteBatchJob#run: Completed installation of 2 plugins in 7,9 sec
2019-10-23 19:58:47.516+0000 [id=61]	INFO	hudson.model.UpdateCenter#doSafeRestart: Scheduling Jenkins reboot
2019-10-23 19:58:47.521+0000 [id=154]	INFO	jenkins.model.Jenkins$23#run: Restart in 10 seconds
2019-10-23 19:58:57.521+0000 [id=154]	INFO	jenkins.model.Jenkins$23#run: Restarting VM as requested by marc
2019-10-23 19:58:57.524+0000 [id=154]	INFO	jenkins.model.Jenkins#cleanUp: Stopping Jenkins
2019-10-23 19:58:57.541+0000 [id=154]	INFO	jenkins.model.Jenkins$18#onAttained: Started termination
2019-10-23 19:58:57.548+0000 [id=154]	INFO	jenkins.model.Jenkins$18#onAttained: Completed termination
2019-10-23 19:58:57.548+0000 [id=154]	INFO	jenkins.model.Jenkins#_cleanUpDisconnectComputers: Starting node disconnection
2019-10-23 19:58:58.556+0000 [id=154]	INFO	jenkins.model.Jenkins#_cleanUpShutdownPluginManager: Stopping plugin manager
2019-10-23 19:58:58.565+0000 [id=154]	INFO	jenkins.model.Jenkins#_cleanUpPersistQueue: Persisting build queue
2019-10-23 19:58:58.580+0000 [id=154]	INFO	jenkins.model.Jenkins#_cleanUpAwaitDisconnects: Waiting for node disconnection completion
2019-10-23 19:58:58.580+0000 [id=154]	INFO	jenkins.model.Jenkins#cleanUp: Jenkins stopped
2019-10-23 19:59:01.054+0000 [id=1]	INFO	org.eclipse.jetty.util.log.Log#initialized: Logging initialized @314ms to org.eclipse.jetty.util.log.JavaUtilLog
2019-10-23 19:59:01.106+0000 [id=1]	INFO	winstone.Logger#logInternal: Beginning extraction from war file
2019-10-23 19:59:01.125+0000 [id=1]	WARNING	o.e.j.s.handler.ContextHandler#setContextPath: Empty contextPath
2019-10-23 19:59:01.156+0000 [id=1]	INFO	org.eclipse.jetty.server.Server#doStart: jetty-9.4.z-SNAPSHOT; built: 2019-05-02T00:04:53.875Z; git: e1bc35120a6617ee3df052294e433f3a25ce7097; jvm 1.8.0_144-b01
2019-10-23 19:59:01.473+0000 [id=1]	INFO	o.e.j.w.StandardDescriptorProcessor#visitServlet: NO JSP Support for /, did not find org.eclipse.jetty.jsp.JettyJspServlet
2019-10-23 19:59:01.496+0000 [id=1]	INFO	o.e.j.s.s.DefaultSessionIdManager#doStart: DefaultSessionIdManager workerName=node0
2019-10-23 19:59:01.496+0000 [id=1]	INFO	o.e.j.s.s.DefaultSessionIdManager#doStart: No SessionScavenger set, using defaults
2019-10-23 19:59:01.497+0000 [id=1]	INFO	o.e.j.server.session.HouseKeeper#startScavenging: node0 Scavenging every 660000ms
2019-10-23 19:59:01.809+0000 [id=1]	INFO	o.e.j.s.handler.ContextHandler#doStart: Started w.@db1c0e{Jenkins v2.190.1,/,file:///C:/Program%20Files%20(x86)/Jenkins/war/,AVAILABLE}{C:\Program Files (x86)\Jenkins\war}
2019-10-23 19:59:01.821+0000 [id=1]	INFO	o.e.j.server.AbstractConnector#doStart: Started ServerConnector@1b6a447{HTTP/1.1,[http/1.1]}{0.0.0.0:8080}
2019-10-23 19:59:01.821+0000 [id=1]	INFO	org.eclipse.jetty.server.Server#doStart: Started @1082ms
2019-10-23 19:59:01.822+0000 [id=19]	INFO	winstone.Logger#logInternal: Winstone Servlet Engine v4.0 running: controlPort=disabled
2019-10-23 19:59:02.809+0000 [id=26]	INFO	jenkins.InitReactorRunner$1#onAttained: Started initialization
2019-10-23 19:59:02.965+0000 [id=25]	INFO	jenkins.InitReactorRunner$1#onAttained: Listed all plugins
2019-10-23 19:59:06.850+0000 [id=27]	INFO	jenkins.InitReactorRunner$1#onAttained: Prepared all plugins
2019-10-23 19:59:07.471+0000 [id=36]	INFO	h.ExtensionFinder$GuiceFinder$FaultTolerantScope$1#error: Failed to instantiate optional component hudson.plugins.build_timeout.operations.AbortAndRestartOperation$DescriptorImpl; skipping
2019-10-23 19:59:08.079+0000 [id=38]	INFO	jenkins.InitReactorRunner$1#onAttained: Started all plugins
2019-10-23 19:59:08.092+0000 [id=24]	INFO	jenkins.InitReactorRunner$1#onAttained: Augmented all extensions
2019-10-23 19:59:08.124+0000 [id=36]	INFO	jenkins.InitReactorRunner$1#onAttained: Loaded all jobs
2019-10-23 19:59:08.149+0000 [id=59]	INFO	hudson.model.AsyncPeriodicWork$1#run: Started Download metadata
2019-10-23 19:59:08.152+0000 [id=59]	INFO	hudson.model.AsyncPeriodicWork$1#run: Finished Download metadata. 2 ms
2019-10-23 19:59:08.625+0000 [id=33]	INFO	o.s.c.s.AbstractApplicationContext#prepareRefresh: Refreshing org.springframework.web.context.support.StaticWebApplicationContext@15ec91c: display name [Root WebApplicationContext]; startup date [Wed Oct 23 21:59:08 CEST 2019]; root of context hierarchy
2019-10-23 19:59:08.625+0000 [id=33]	INFO	o.s.c.s.AbstractApplicationContext#obtainFreshBeanFactory: Bean factory for application context [org.springframework.web.context.support.StaticWebApplicationContext@15ec91c]: org.springframework.beans.factory.support.DefaultListableBeanFactory@727a94
2019-10-23 19:59:08.635+0000 [id=33]	INFO	o.s.b.f.s.DefaultListableBeanFactory#preInstantiateSingletons: Pre-instantiating singletons in org.springframework.beans.factory.support.DefaultListableBeanFactory@727a94: defining beans [authenticationManager]; root of factory hierarchy
2019-10-23 19:59:08.762+0000 [id=33]	INFO	o.s.c.s.AbstractApplicationContext#prepareRefresh: Refreshing org.springframework.web.context.support.StaticWebApplicationContext@13a4743: display name [Root WebApplicationContext]; startup date [Wed Oct 23 21:59:08 CEST 2019]; root of context hierarchy
2019-10-23 19:59:08.762+0000 [id=33]	INFO	o.s.c.s.AbstractApplicationContext#obtainFreshBeanFactory: Bean factory for application context [org.springframework.web.context.support.StaticWebApplicationContext@13a4743]: org.springframework.beans.factory.support.DefaultListableBeanFactory@e3f165
2019-10-23 19:59:08.762+0000 [id=33]	INFO	o.s.b.f.s.DefaultListableBeanFactory#preInstantiateSingletons: Pre-instantiating singletons in org.springframework.beans.factory.support.DefaultListableBeanFactory@e3f165: defining beans [filter,legacy]; root of factory hierarchy
2019-10-23 19:59:08.798+0000 [id=33]	INFO	jenkins.InitReactorRunner$1#onAttained: Completed initialization
2019-10-23 19:59:09.268+0000 [id=18]	INFO	jenkins.model.Jenkins#<init>: Installing chromedriver to C:\Program Files (x86)\Jenkins\tools\chromedriver
2019-10-23 19:59:09.308+0000 [id=18]	INFO	jenkins.model.Jenkins#<init>: Downloading https://chromedriver.storage.googleapis.com/78.0.3904.70/chromedriver_win32.zip
2019-10-23 19:59:10.349+0000 [id=18]	INFO	hudson.WebAppMain$3#run: Jenkins is fully up and running
2019-10-23 19:59:13.698+0000 [id=14]	INFO	o.k.s.LocaleDrivenResourceProvider#getLocaleDrivenResourceProviders: Registered LocaleDrivenResourceProvider: jenkins.MetaLocaleDrivenResourceProvider@14f2a3e
2019-10-23 19:59:31.114+0000 [id=64]	WARNING	o.j.r.u.AnonymousClassWarnings#warn: Attempt to (de-)serialize anonymous class hudson.plugins.selenium.PluginImpl$1 in file:/C:/Program%20Files%20(x86)/Jenkins/plugins/selenium/WEB-INF/lib/selenium.jar; see: https://jenkins.io/redirect/serialization-of-anonymous-classes/
